<?xml version="1.0" encoding="UTF-8"?>
<!-- Generated by org.testng.reporters.JUnitReportReporter -->
<testsuite hostname="L-158047677" failures="0" tests="1" name="ExtentReports.ExtentDemo1" time="6.760" errors="0" timestamp="2024-03-13T15:37:07 IST" skipped="0">
  <testcase classname="ExtentReports.ExtentDemo1" name="extendreportsDemo" time="6.760"/>
</testsuite> <!-- ExtentReports.ExtentDemo1 -->
