<?xml version="1.0" encoding="UTF-8"?>
<!-- Generated by org.testng.reporters.JUnitReportReporter -->
<testsuite hostname="L-158047677" failures="0" tests="2" name="TestNGpack.TestNG_Annotations" time="0.009" errors="0" timestamp="2024-05-19T23:06:43 IST" skipped="0">
  <testcase classname="TestNGpack.TestNG_Annotations" name="test2" time="0.004"/>
  <testcase classname="TestNGpack.TestNG_Annotations" name="test1" time="0.005"/>
</testsuite> <!-- TestNGpack.TestNG_Annotations -->
