<?xml version="1.0" encoding="UTF-8"?>
<!-- Generated by org.testng.reporters.JUnitReportReporter -->
<testsuite hostname="L-158047677" failures="0" tests="1" name="TestNGpack.ISuitechild2" time="0.006" errors="0" timestamp="2024-05-26T17:30:27 IST" skipped="0">
  <testcase classname="TestNGpack.ISuitechild2" name="test" time="0.006"/>
</testsuite> <!-- TestNGpack.ISuitechild2 -->
