<?xml version="1.0" encoding="UTF-8"?>
<!-- Generated by org.testng.reporters.JUnitReportReporter -->
<testsuite hostname="L-158047677" failures="0" tests="2" name="TestNGpack.SecondTestNG" time="0.014" errors="0" timestamp="2024-05-20T12:43:59 IST" skipped="0">
  <testcase classname="TestNGpack.SecondTestNG" name="Login" time="0.005"/>
  <testcase classname="TestNGpack.SecondTestNG" name="Create" time="0.009"/>
</testsuite> <!-- TestNGpack.SecondTestNG -->
