<?xml version="1.0" encoding="UTF-8"?>
<!-- Generated by org.testng.reporters.JUnitReportReporter -->
<testsuite hostname="L-158047677" failures="0" tests="2" name="TestNGpack.DataProviderEx" time="17.097" errors="0" timestamp="2024-03-08T18:13:01 IST" skipped="0">
  <testcase classname="TestNGpack.DataProviderEx" name="Login" time="8.898"/>
  <testcase classname="TestNGpack.DataProviderEx" name="Login" time="8.199"/>
</testsuite> <!-- TestNGpack.DataProviderEx -->
