<?xml version="1.0" encoding="UTF-8"?>
<!-- Generated by org.testng.reporters.JUnitReportReporter -->
<testsuite hostname="L-158047677" failures="0" tests="1" name="ExtentReports.ExtentDemo2" time="5.424" errors="0" timestamp="2024-03-13T16:12:56 IST" skipped="0">
  <testcase classname="ExtentReports.ExtentDemo2" name="extendreportsDemo" time="5.424"/>
</testsuite> <!-- ExtentReports.ExtentDemo2 -->
