<?xml version="1.0" encoding="UTF-8"?>
<!-- Generated by org.testng.reporters.JUnitReportReporter -->
<testsuite hostname="L-158047677" failures="0" tests="3" name="TestNGpack.GroupEx" time="0.010" errors="0" timestamp="2024-05-20T12:45:32 IST" skipped="0">
  <testcase classname="TestNGpack.GroupEx" name="test5" time="0.001"/>
  <testcase classname="TestNGpack.GroupEx" name="test3" time="0.001"/>
  <testcase classname="TestNGpack.GroupEx" name="test1" time="0.008"/>
</testsuite> <!-- TestNGpack.GroupEx -->
