<?xml version="1.0" encoding="UTF-8"?>
<!-- Generated by org.testng.reporters.JUnitReportReporter -->
<testsuite hostname="L-158047677" failures="0" tests="4" name="TestNGpack.FirstTestNG" time="0.009" errors="0" timestamp="2024-05-25T17:52:37 IST" skipped="0">
  <testcase classname="TestNGpack.FirstTestNG" name="back" time="0.006"/>
  <testcase classname="TestNGpack.FirstTestNG" name="Login" time="0.001"/>
  <testcase classname="TestNGpack.FirstTestNG" name="Logout" time="0.001"/>
  <testcase classname="TestNGpack.FirstTestNG" name="Home" time="0.001"/>
</testsuite> <!-- TestNGpack.FirstTestNG -->
