<?xml version="1.0" encoding="UTF-8"?>
<!-- Generated by org.testng.reporters.JUnitReportReporter -->
<testsuite hostname="L-158047677" failures="0" tests="2" name="TestNGpack.DataProvidersExcel" time="15.732" errors="0" timestamp="2024-03-15T13:32:32 IST" skipped="0">
  <testcase classname="TestNGpack.DataProvidersExcel" name="Log" time="8.250"/>
  <testcase classname="TestNGpack.DataProvidersExcel" name="Log" time="7.482"/>
</testsuite> <!-- TestNGpack.DataProvidersExcel -->
