<?xml version="1.0" encoding="UTF-8"?>
<!-- Generated by org.testng.reporters.JUnitReportReporter -->
<testsuite hostname="L-158047677" failures="0" tests="2" name="TestNGpack.IInvokelistenersExample" time="0.009" errors="0" timestamp="2024-12-07T08:10:26 IST" skipped="0">
  <testcase classname="TestNGpack.IInvokelistenersExample" name="firstTest" time="0.008"/>
  <testcase classname="TestNGpack.IInvokelistenersExample" name="secondTest" time="0.001"/>
</testsuite> <!-- TestNGpack.IInvokelistenersExample -->
