<?xml version="1.0" encoding="UTF-8"?>
<!-- Generated by org.testng.reporters.JUnitReportReporter -->
<testsuite hostname="L-158047677" failures="0" tests="1" name="PageObjects.PFwithoutFindBy" time="6.234" errors="0" timestamp="2024-05-28T21:46:02 IST" skipped="0">
  <testcase classname="PageObjects.PFwithoutFindBy" name="Login" time="6.234"/>
</testsuite> <!-- PageObjects.PFwithoutFindBy -->
