<?xml version="1.0" encoding="UTF-8"?>
<!-- Generated by org.testng.reporters.JUnitReportReporter -->
<testsuite hostname="L-158047677" failures="0" tests="3" name="TestNGpack.Testcase" time="4.589" errors="0" timestamp="2024-05-20T13:01:03 IST" skipped="0">
  <testcase classname="TestNGpack.Testcase" name="TestLinks" time="1.780"/>
  <testcase classname="TestNGpack.Testcase" name="TestWelcomecontent" time="1.411"/>
  <testcase classname="TestNGpack.Testcase" name="TestImagescount" time="1.398"/>
</testsuite> <!-- TestNGpack.Testcase -->
