<?xml version="1.0" encoding="UTF-8"?>
<!-- Generated by org.testng.reporters.JUnitReportReporter -->
<testsuite hostname="L-158047677" failures="0" tests="1" name="testCases.TestCase" time="153.617" errors="0" timestamp="2024-04-10T11:39:33 IST" skipped="0">
  <testcase classname="testCases.TestCase" name="f" time="153.617"/>
  <system-out/>
</testsuite> <!-- testCases.TestCase -->
