<?xml version="1.0" encoding="UTF-8"?>
<!-- Generated by org.testng.reporters.JUnitReportReporter -->
<testsuite hostname="L-158047677" failures="0" tests="2" name="Testcase.OrangeHRM" time="3.226" errors="0" timestamp="2024-03-16T17:03:56 IST" skipped="0">
  <testcase classname="Testcase.OrangeHRM" name="Login" time="2.795"/>
  <testcase classname="Testcase.OrangeHRM" name="Testcase2" time="0.431"/>
</testsuite> <!-- Testcase.OrangeHRM -->
